生成启动时间为 2016/12/21 23:46:09。
     1>项目“G:\图形学大作业\Graphics1-class-1\Graphics\Graphics.vcxproj”在节点 2 上(Build 个目标)。
     1>ClCompile:
         C:\Program Files (x86)\Microsoft Visual Studio 12.0\VC\bin\CL.exe /c /ZI /nologo /W3 /WX- /sdl /Od /Oy- /D WIN32 /D _DEBUG /D _CONSOLE /D _LIB /D _UNICODE /D UNICODE /Gm /EHsc /RTC1 /MDd /GS /fp:precise /Zc:wchar_t /Zc:forScope /Fo"Debug\\" /Fd"Debug\vc120.pdb" /Gd /TP /analyze- /errorReport:prompt Mouse.cpp
         Mouse.cpp
       Link:
         C:\Program Files (x86)\Microsoft Visual Studio 12.0\VC\bin\link.exe /ERRORREPORT:PROMPT /OUT:"G:\图形学大作业\Graphics1-class-1\Debug\Graphics.exe" /INCREMENTAL /NOLOGO kernel32.lib user32.lib gdi32.lib winspool.lib comdlg32.lib advapi32.lib shell32.lib ole32.lib oleaut32.lib uuid.lib odbc32.lib odbccp32.lib /MANIFEST /MANIFESTUAC:"level='asInvoker' uiAccess='false'" /manifest:embed /DEBUG /PDB:"G:\图形学大作业\Graphics1-class-1\Debug\Graphics.pdb" /SUBSYSTEM:CONSOLE /TLBID:1 /DYNAMICBASE /NXCOMPAT /IMPLIB:"G:\图形学大作业\Graphics1-class-1\Debug\Graphics.lib" /MACHINE:X86 Debug\BasicDrawing.obj
         Debug\Circle.obj
         Debug\Display.obj
         Debug\Ellipse.obj
         Debug\FillArea.obj
         Debug\Graphics.obj
         Debug\KeyBoard.obj
         Debug\Line.obj
         Debug\main.obj
         Debug\menu.obj
         Debug\Mouse.obj
         Debug\Polygon.obj
         Graphics.vcxproj -> G:\图形学大作业\Graphics1-class-1\Debug\Graphics.exe
     1>已完成生成项目“G:\图形学大作业\Graphics1-class-1\Graphics\Graphics.vcxproj”(Build 个目标)的操作。

生成成功。

已用时间 00:00:02.03
