g:\图形学大作业\graphics1-class-1\graphics\debug\vc120.pdb
g:\图形学大作业\graphics1-class-1\graphics\debug\vc120.idb
g:\图形学大作业\graphics1-class-1\graphics\debug\basicdrawing.obj
g:\图形学大作业\graphics1-class-1\graphics\debug\circle.obj
g:\图形学大作业\graphics1-class-1\graphics\debug\display.obj
g:\图形学大作业\graphics1-class-1\graphics\debug\ellipse.obj
g:\图形学大作业\graphics1-class-1\graphics\debug\fillarea.obj
g:\图形学大作业\graphics1-class-1\graphics\debug\graphics.obj
g:\图形学大作业\graphics1-class-1\graphics\debug\keyboard.obj
g:\图形学大作业\graphics1-class-1\graphics\debug\line.obj
g:\图形学大作业\graphics1-class-1\graphics\debug\main.obj
g:\图形学大作业\graphics1-class-1\graphics\debug\menu.obj
g:\图形学大作业\graphics1-class-1\graphics\debug\mouse.obj
g:\图形学大作业\graphics1-class-1\graphics\debug\polygon.obj
g:\图形学大作业\graphics\graphics\debug\vc120.pdb
g:\图形学大作业\graphics\graphics\debug\vc120.idb
g:\图形学大作业\graphics\graphics\debug\basicdrawing.obj
g:\图形学大作业\graphics\graphics\debug\circle.obj
g:\图形学大作业\graphics\graphics\debug\display.obj
g:\图形学大作业\graphics\graphics\debug\ellipse.obj
g:\图形学大作业\graphics\graphics\debug\fillarea.obj
g:\图形学大作业\graphics\graphics\debug\graphics.obj
g:\图形学大作业\graphics\graphics\debug\keyboard.obj
g:\图形学大作业\graphics\graphics\debug\line.obj
g:\图形学大作业\graphics\graphics\debug\main.obj
g:\图形学大作业\graphics\graphics\debug\menu.obj
g:\图形学大作业\graphics\graphics\debug\mouse.obj
g:\图形学大作业\graphics\graphics\debug\polygon.obj
g:\图形学大作业\graphics1-class-1\debug\graphics.ilk
g:\图形学大作业\graphics1-class-1\debug\graphics.exe
g:\图形学大作业\graphics1-class-1\debug\graphics.pdb
g:\图形学大作业\graphics\debug\graphics.ilk
g:\图形学大作业\graphics\debug\graphics.exe
g:\图形学大作业\graphics\debug\graphics.pdb
g:\图形学大作业\graphics\graphics\debug\graphics.tlog\cl.command.1.tlog
g:\图形学大作业\graphics\graphics\debug\graphics.tlog\cl.read.1.tlog
g:\图形学大作业\graphics\graphics\debug\graphics.tlog\cl.write.1.tlog
g:\图形学大作业\graphics\graphics\debug\graphics.tlog\link.command.1.tlog
g:\图形学大作业\graphics\graphics\debug\graphics.tlog\link.read.1.tlog
g:\图形学大作业\graphics\graphics\debug\graphics.tlog\link.write.1.tlog
